<?xml version="1.0" encoding="UTF-8" ?>
<testsuite failures="0" time="0" errors="0" skipped="0" tests="1" name="MavenDemo.AppTest">
  <properties>
    <property name="java.runtime.name" value="Java(TM) SE Runtime Environment"/>
    <property name="sun.boot.library.path" value="D:\jdk1.6.0_21\jre\bin"/>
    <property name="java.vm.version" value="17.0-b16"/>
    <property name="java.vm.vendor" value="Sun Microsystems Inc."/>
    <property name="java.vendor.url" value="http://java.sun.com/"/>
    <property name="path.separator" value=";"/>
    <property name="java.vm.name" value="Java HotSpot(TM) Client VM"/>
    <property name="file.encoding.pkg" value="sun.io"/>
    <property name="user.country" value="CN"/>
    <property name="sun.java.launcher" value="SUN_STANDARD"/>
    <property name="sun.os.patch.level" value="Service Pack 3"/>
    <property name="java.vm.specification.name" value="Java Virtual Machine Specification"/>
    <property name="user.dir" value="D:\java_dev\workspace\commonutil"/>
    <property name="java.runtime.version" value="1.6.0_21-b06"/>
    <property name="java.awt.graphicsenv" value="sun.awt.Win32GraphicsEnvironment"/>
    <property name="basedir" value="D:\java_dev\workspace\commonutil"/>
    <property name="java.endorsed.dirs" value="D:\jdk1.6.0_21\jre\lib\endorsed"/>
    <property name="os.arch" value="x86"/>
    <property name="surefire.real.class.path" value="D:\java_dev\workspace\commonutil\target\surefire\surefirebooter5975641316745060878.jar"/>
    <property name="java.io.tmpdir" value="C:\DOCUME~1\ADMINI~1\LOCALS~1\Temp\"/>
    <property name="line.separator" value="
"/>
    <property name="java.vm.specification.vendor" value="Sun Microsystems Inc."/>
    <property name="user.variant" value=""/>
    <property name="os.name" value="Windows XP"/>
    <property name="sun.jnu.encoding" value="GBK"/>
    <property name="java.library.path" value="D:\jdk1.6.0_21\jre\bin;.;C:\WINDOWS\Sun\Java\bin;C:\WINDOWS\system32;C:\WINDOWS;D:\jdk1.6.0_21\jre\bin;d:/Program Files/Genuitec/Common/binary/com.sun.java.jdk.win32.x86_1.6.0.013/jre/bin/client;d:/Program Files/Genuitec/Common/binary/com.sun.java.jdk.win32.x86_1.6.0.013/jre/bin;C:\Program Files\SenchaSDKTools-1.2.1\appbuilder;C:\Program Files\SenchaSDKTools-1.2.1\jsbuilder;C:\Program Files\SenchaSDKTools-1.2.1\command;C:\Program Files\SenchaSDKTools-1.2.1;C:\Perl\site\bin;C:\Perl\bin;D:\jdk1.6.0_21\bin;D:\oracle\product\10.2.0\client_1\bin;C:\WINDOWS\system32;C:\WINDOWS;C:\WINDOWS\System32\Wbem;C:\Program Files\Zend\ZendServer\bin;C:\Program Files\Zend\ZendServer\share\ZendFramework\bin;C:\Program Files\TortoiseSVN\bin;D:\android-sdk-2.3\tools;C:\Program Files\VanDyke Software\SecureFX\;C:\Program Files\Common Files\Thunder Network\KanKan\Codecs;D:\apache-maven-3.0.3\bin;C:\Program Files\SSH Communications Security\SSH Secure Shell;C:\Program Files\OpenVPN\bin;D:\apache-maven-3.0.3\bin"/>
    <property name="surefire.test.class.path" value="D:\java_dev\workspace\commonutil\target\test-classes;D:\java_dev\workspace\commonutil\target\classes;C:\Documents and Settings\Administrator\.m2\repository\junit\junit\3.8.1\junit-3.8.1.jar;C:\Documents and Settings\Administrator\.m2\repository\com\google\collections\google-collections\0.8\google-collections-0.8.jar;C:\Documents and Settings\Administrator\.m2\repository\org\mybatis\mybatis\3.0.5\mybatis-3.0.5.jar;C:\Documents and Settings\Administrator\.m2\repository\8f8_jar\commons-lang\2.5\commons-lang-2.5.jar;C:\Documents and Settings\Administrator\.m2\repository\8f8_jar\gson\1.3\gson-1.3.jar;C:\Documents and Settings\Administrator\.m2\repository\javaee\javaee-api\5\javaee-api-5.jar;C:\Documents and Settings\Administrator\.m2\repository\commons-net\commons-net\3.0.1\commons-net-3.0.1.jar;C:\Documents and Settings\Administrator\.m2\repository\joda-time\joda-time\2.0\joda-time-2.0.jar;C:\Documents and Settings\Administrator\.m2\repository\log4j\log4j\1.2.16\log4j-1.2.16.jar;C:\Documents and Settings\Administrator\.m2\repository\com\googlecode\xmemcached\xmemcached\1.3.3\xmemcached-1.3.3.jar;C:\Documents and Settings\Administrator\.m2\repository\org\slf4j\slf4j-api\1.5.6\slf4j-api-1.5.6.jar;C:\Documents and Settings\Administrator\.m2\repository\8f8_jar\java_memcached\1.6\java_memcached-1.6.jar;C:\Documents and Settings\Administrator\.m2\repository\8f8_jar\spymemcached\2.5\spymemcached-2.5.jar;C:\Documents and Settings\Administrator\.m2\repository\com\thoughtworks\xstream\xstream\1.3.1\xstream-1.3.1.jar;C:\Documents and Settings\Administrator\.m2\repository\xpp3\xpp3_min\1.1.4c\xpp3_min-1.1.4c.jar;C:\Documents and Settings\Administrator\.m2\repository\commons-httpclient\commons-httpclient\3.1\commons-httpclient-3.1.jar;C:\Documents and Settings\Administrator\.m2\repository\commons-logging\commons-logging\1.0.4\commons-logging-1.0.4.jar;C:\Documents and Settings\Administrator\.m2\repository\commons-codec\commons-codec\1.2\commons-codec-1.2.jar;C:\Documents and Settings\Administrator\.m2\repository\net\sourceforge\jexcelapi\jxl\2.6.12\jxl-2.6.12.jar;C:\Documents and Settings\Administrator\.m2\repository\javax\javaee-api\6.0\javaee-api-6.0.jar;"/>
    <property name="java.specification.name" value="Java Platform API Specification"/>
    <property name="java.class.version" value="50.0"/>
    <property name="sun.management.compiler" value="HotSpot Client Compiler"/>
    <property name="os.version" value="5.1"/>
    <property name="user.home" value="C:\Documents and Settings\Administrator"/>
    <property name="user.timezone" value=""/>
    <property name="java.awt.printerjob" value="sun.awt.windows.WPrinterJob"/>
    <property name="java.specification.version" value="1.6"/>
    <property name="file.encoding" value="GBK"/>
    <property name="user.name" value="Administrator"/>
    <property name="java.class.path" value="D:\java_dev\workspace\commonutil\target\test-classes;D:\java_dev\workspace\commonutil\target\classes;C:\Documents and Settings\Administrator\.m2\repository\junit\junit\3.8.1\junit-3.8.1.jar;C:\Documents and Settings\Administrator\.m2\repository\com\google\collections\google-collections\0.8\google-collections-0.8.jar;C:\Documents and Settings\Administrator\.m2\repository\org\mybatis\mybatis\3.0.5\mybatis-3.0.5.jar;C:\Documents and Settings\Administrator\.m2\repository\8f8_jar\commons-lang\2.5\commons-lang-2.5.jar;C:\Documents and Settings\Administrator\.m2\repository\8f8_jar\gson\1.3\gson-1.3.jar;C:\Documents and Settings\Administrator\.m2\repository\javaee\javaee-api\5\javaee-api-5.jar;C:\Documents and Settings\Administrator\.m2\repository\commons-net\commons-net\3.0.1\commons-net-3.0.1.jar;C:\Documents and Settings\Administrator\.m2\repository\joda-time\joda-time\2.0\joda-time-2.0.jar;C:\Documents and Settings\Administrator\.m2\repository\log4j\log4j\1.2.16\log4j-1.2.16.jar;C:\Documents and Settings\Administrator\.m2\repository\com\googlecode\xmemcached\xmemcached\1.3.3\xmemcached-1.3.3.jar;C:\Documents and Settings\Administrator\.m2\repository\org\slf4j\slf4j-api\1.5.6\slf4j-api-1.5.6.jar;C:\Documents and Settings\Administrator\.m2\repository\8f8_jar\java_memcached\1.6\java_memcached-1.6.jar;C:\Documents and Settings\Administrator\.m2\repository\8f8_jar\spymemcached\2.5\spymemcached-2.5.jar;C:\Documents and Settings\Administrator\.m2\repository\com\thoughtworks\xstream\xstream\1.3.1\xstream-1.3.1.jar;C:\Documents and Settings\Administrator\.m2\repository\xpp3\xpp3_min\1.1.4c\xpp3_min-1.1.4c.jar;C:\Documents and Settings\Administrator\.m2\repository\commons-httpclient\commons-httpclient\3.1\commons-httpclient-3.1.jar;C:\Documents and Settings\Administrator\.m2\repository\commons-logging\commons-logging\1.0.4\commons-logging-1.0.4.jar;C:\Documents and Settings\Administrator\.m2\repository\commons-codec\commons-codec\1.2\commons-codec-1.2.jar;C:\Documents and Settings\Administrator\.m2\repository\net\sourceforge\jexcelapi\jxl\2.6.12\jxl-2.6.12.jar;C:\Documents and Settings\Administrator\.m2\repository\javax\javaee-api\6.0\javaee-api-6.0.jar;"/>
    <property name="java.vm.specification.version" value="1.0"/>
    <property name="sun.arch.data.model" value="32"/>
    <property name="java.home" value="D:\jdk1.6.0_21\jre"/>
    <property name="java.specification.vendor" value="Sun Microsystems Inc."/>
    <property name="user.language" value="zh"/>
    <property name="awt.toolkit" value="sun.awt.windows.WToolkit"/>
    <property name="java.vm.info" value="mixed mode"/>
    <property name="java.version" value="1.6.0_21"/>
    <property name="java.ext.dirs" value="D:\jdk1.6.0_21\jre\lib\ext;C:\WINDOWS\Sun\Java\lib\ext"/>
    <property name="sun.boot.class.path" value="D:\jdk1.6.0_21\jre\lib\resources.jar;D:\jdk1.6.0_21\jre\lib\rt.jar;D:\jdk1.6.0_21\jre\lib\sunrsasign.jar;D:\jdk1.6.0_21\jre\lib\jsse.jar;D:\jdk1.6.0_21\jre\lib\jce.jar;D:\jdk1.6.0_21\jre\lib\charsets.jar;D:\jdk1.6.0_21\jre\classes"/>
    <property name="java.vendor" value="Sun Microsystems Inc."/>
    <property name="localRepository" value="C:\Documents and Settings\Administrator\.m2\repository"/>
    <property name="file.separator" value="\"/>
    <property name="java.vendor.url.bug" value="http://java.sun.com/cgi-bin/bugreport.cgi"/>
    <property name="sun.cpu.endian" value="little"/>
    <property name="sun.io.unicode.encoding" value="UnicodeLittle"/>
    <property name="sun.desktop" value="windows"/>
    <property name="sun.cpu.isalist" value="pentium_pro+mmx pentium_pro pentium+mmx pentium i486 i386 i86"/>
  </properties>
  <testcase time="0" classname="MavenDemo.AppTest" name="testApp"/>
</testsuite>